
Found 405 files belonging to 4 classes.
2024-01-07 18:09:40.295861: I tensorflow/core/common_runtime/gpu/gpu_device.cc:1639] Created device /job:localhost/replica:0/task:0/device:GPU:0 with 2475 MB memory:  -> device: 0, name: NVIDIA GeForce GTX 1650 Ti, pci bus id: 0000:01:00.0, compute capability: 7.5
Found 2927 images belonging to 4 classes.
(32, 256, 256, 3)
Found 730 images belonging to 4 classes.
Found 405 images belonging to 4 classes.
Model: "sequential"
_________________________________________________________________
 Layer (type)                Output Shape              Param #
=================================================================
 conv2d (Conv2D)             (None, 254, 254, 32)      896
 max_pooling2d (MaxPooling2  (None, 127, 127, 32)      0
 D)
 conv2d_1 (Conv2D)           (None, 125, 125, 64)      18496
 max_pooling2d_1 (MaxPoolin  (None, 62, 62, 64)        0
 g2D)
 conv2d_2 (Conv2D)           (None, 60, 60, 64)        36928
 max_pooling2d_2 (MaxPoolin  (None, 30, 30, 64)        0
 g2D)
 conv2d_3 (Conv2D)           (None, 28, 28, 64)        36928
 max_pooling2d_3 (MaxPoolin  (None, 14, 14, 64)        0
 g2D)
 conv2d_4 (Conv2D)           (None, 12, 12, 64)        36928
 max_pooling2d_4 (MaxPoolin  (None, 6, 6, 64)          0
 g2D)
 conv2d_5 (Conv2D)           (None, 4, 4, 64)          36928
 max_pooling2d_5 (MaxPoolin  (None, 2, 2, 64)          0
 g2D)
 flatten (Flatten)           (None, 256)               0
 dense (Dense)               (None, 64)                16448
 dense_1 (Dense)             (None, 4)                 260
=================================================================
Total params: 183812 (718.02 KB)
Trainable params: 183812 (718.02 KB)
Non-trainable params: 0 (0.00 Byte)
_________________________________________________________________
Epoch 1/36
[34m[1mwandb[39m[22m: [33mWARNING[39m The save_model argument by default saves the model in the HDF5 format that cannot save custom objects like subclassed models and custom layers. This behavior will be deprecated in a future release in favor of the SavedModel format. Meanwhile, the HDF5 model is saved as W&B files and the SavedModel as W&B Artifacts.
[34m[1mwandb[39m[22m: [33mWARNING[39m WandbCallback is unable to log validation data. When using a generator for validation_data, you must pass validation_steps
2024-01-07 18:10:09.108403: I tensorflow/compiler/xla/stream_executor/cuda/cuda_dnn.cc:432] Loaded cuDNN version 8600
2024-01-07 18:10:10.170346: I tensorflow/compiler/xla/service/service.cc:168] XLA service 0x7da4d30 initialized for platform CUDA (this does not guarantee that XLA will be used). Devices:
2024-01-07 18:10:10.170407: I tensorflow/compiler/xla/service/service.cc:176]   StreamExecutor device (0): NVIDIA GeForce GTX 1650 Ti, Compute Capability 7.5
2024-01-07 18:10:10.180585: I tensorflow/compiler/mlir/tensorflow/utils/dump_mlir_util.cc:255] disabling MLIR crash reproducer, set env var `MLIR_CRASH_REPRODUCER_DIRECTORY` to enable.
2024-01-07 18:10:10.343540: I ./tensorflow/compiler/jit/device_compiler.h:186] Compiled cluster using XLA!  This line is logged at most once for the lifetime of the process.
2024-01-07 18:10:11.813834: W tensorflow/tsl/framework/bfc_allocator.cc:296] Allocator (GPU_0_bfc) ran out of memory trying to allocate 2.03GiB with freed_by_count=0. The caller indicates that this is not a failure, but this may mean that there could be performance gains if more memory were available.
 6/92 [>.............................] - ETA: 6s - loss: 1.3650 - accuracy: 0.3073WARNING:tensorflow:Callback method `on_train_batch_end` is slow compared to the batch time (batch time: 0.0290s vs `on_train_batch_end` time: 0.0422s). Check your callbacks.
10/92 [==>...........................] - ETA: 6s - loss: 1.3491 - accuracy: 0.3063






92/92 [==============================] - ETA: 0s - loss: 1.0564 - accuracy: 0.4892INFO:tensorflow:Assets written to: models/assets
INFO:tensorflow:Assets written to: models/assets
[34m[1mwandb[39m[22m: Adding directory to artifact (./models)... Done. 0.0s
1/1 [==============================] - 0s 141ms/step
INFO:tensorflow:Assets written to: /home/alvaro/Documents/JupyterLab1/DeepLearningProject/wandb/run-20240107_180919-icn4y2wq/files/model-best/assets
/home/alvaro/anaconda3/envs/tf-tfx/lib/python3.10/site-packages/keras/src/engine/training.py:3000: UserWarning: You are saving your model as an HDF5 file via `model.save()`. This file format is considered legacy. We recommend using instead the native Keras format, e.g. `model.save('my_model.keras')`.
  saving_api.save_model(
INFO:tensorflow:Assets written to: /home/alvaro/Documents/JupyterLab1/DeepLearningProject/wandb/run-20240107_180919-icn4y2wq/files/model-best/assets
[34m[1mwandb[39m[22m: Adding directory to artifact (/home/alvaro/Documents/JupyterLab1/DeepLearningProject/wandb/run-20240107_180919-icn4y2wq/files/model-best)... Done. 0.0s
92/92 [==============================] - 25s 210ms/step - loss: 1.0564 - accuracy: 0.4892 - val_loss: 0.6555 - val_accuracy: 0.7131
Epoch 2/36





92/92 [==============================] - ETA: 0s - loss: 0.5287 - accuracy: 0.7902INFO:tensorflow:Assets written to: models/assets
INFO:tensorflow:Assets written to: models/assets
[34m[1mwandb[39m[22m: Adding directory to artifact (./models)... Done. 0.0s
/home/alvaro/anaconda3/envs/tf-tfx/lib/python3.10/site-packages/keras/src/engine/training.py:3000: UserWarning: You are saving your model as an HDF5 file via `model.save()`. This file format is considered legacy. We recommend using instead the native Keras format, e.g. `model.save('my_model.keras')`.
  saving_api.save_model(
INFO:tensorflow:Assets written to: /home/alvaro/Documents/JupyterLab1/DeepLearningProject/wandb/run-20240107_180919-icn4y2wq/files/model-best/assets
[34m[1mwandb[39m[22m: Adding directory to artifact (/home/alvaro/Documents/JupyterLab1/DeepLearningProject/wandb/run-20240107_180919-icn4y2wq/files/model-best)... Done. 0.0s
1/1 [==============================] - 0s 52ms/step
INFO:tensorflow:Assets written to: /home/alvaro/Documents/JupyterLab1/DeepLearningProject/wandb/run-20240107_180919-icn4y2wq/files/model-best/assets
92/92 [==============================] - 19s 196ms/step - loss: 0.5287 - accuracy: 0.7902 - val_loss: 0.3469 - val_accuracy: 0.8509
Epoch 3/36



92/92 [==============================] - ETA: 0s - loss: 0.3330 - accuracy: 0.8685INFO:tensorflow:Assets written to: models/assets
INFO:tensorflow:Assets written to: models/assets
[34m[1mwandb[39m[22m: Adding directory to artifact (./models)... Done. 0.0s
1/1 [==============================] - 0s 61ms/step
INFO:tensorflow:Assets written to: /home/alvaro/Documents/JupyterLab1/DeepLearningProject/wandb/run-20240107_180919-icn4y2wq/files/model-best/assets
/home/alvaro/anaconda3/envs/tf-tfx/lib/python3.10/site-packages/keras/src/engine/training.py:3000: UserWarning: You are saving your model as an HDF5 file via `model.save()`. This file format is considered legacy. We recommend using instead the native Keras format, e.g. `model.save('my_model.keras')`.
  saving_api.save_model(
INFO:tensorflow:Assets written to: /home/alvaro/Documents/JupyterLab1/DeepLearningProject/wandb/run-20240107_180919-icn4y2wq/files/model-best/assets
[34m[1mwandb[39m[22m: Adding directory to artifact (/home/alvaro/Documents/JupyterLab1/DeepLearningProject/wandb/run-20240107_180919-icn4y2wq/files/model-best)... Done. 0.0s
92/92 [==============================] - 19s 199ms/step - loss: 0.3330 - accuracy: 0.8685 - val_loss: 0.2758 - val_accuracy: 0.8906
Epoch 4/36




92/92 [==============================] - ETA: 0s - loss: 0.2558 - accuracy: 0.8992INFO:tensorflow:Assets written to: models/assets
INFO:tensorflow:Assets written to: models/assets
[34m[1mwandb[39m[22m: Adding directory to artifact (./models)... Done. 0.0s
1/1 [==============================] - 0s 50ms/step
INFO:tensorflow:Assets written to: /home/alvaro/Documents/JupyterLab1/DeepLearningProject/wandb/run-20240107_180919-icn4y2wq/files/model-best/assets
/home/alvaro/anaconda3/envs/tf-tfx/lib/python3.10/site-packages/keras/src/engine/training.py:3000: UserWarning: You are saving your model as an HDF5 file via `model.save()`. This file format is considered legacy. We recommend using instead the native Keras format, e.g. `model.save('my_model.keras')`.
  saving_api.save_model(
INFO:tensorflow:Assets written to: /home/alvaro/Documents/JupyterLab1/DeepLearningProject/wandb/run-20240107_180919-icn4y2wq/files/model-best/assets
[34m[1mwandb[39m[22m: Adding directory to artifact (/home/alvaro/Documents/JupyterLab1/DeepLearningProject/wandb/run-20240107_180919-icn4y2wq/files/model-best)... Done. 0.0s
92/92 [==============================] - 20s 204ms/step - loss: 0.2558 - accuracy: 0.8992 - val_loss: 0.2147 - val_accuracy: 0.9134
Epoch 5/36




92/92 [==============================] - ETA: 0s - loss: 0.2150 - accuracy: 0.9211INFO:tensorflow:Assets written to: models/assets
INFO:tensorflow:Assets written to: models/assets
[34m[1mwandb[39m[22m: Adding directory to artifact (./models)... Done. 0.0s
1/1 [==============================] - 0s 45ms/step
INFO:tensorflow:Assets written to: /home/alvaro/Documents/JupyterLab1/DeepLearningProject/wandb/run-20240107_180919-icn4y2wq/files/model-best/assets
/home/alvaro/anaconda3/envs/tf-tfx/lib/python3.10/site-packages/keras/src/engine/training.py:3000: UserWarning: You are saving your model as an HDF5 file via `model.save()`. This file format is considered legacy. We recommend using instead the native Keras format, e.g. `model.save('my_model.keras')`.
  saving_api.save_model(
INFO:tensorflow:Assets written to: /home/alvaro/Documents/JupyterLab1/DeepLearningProject/wandb/run-20240107_180919-icn4y2wq/files/model-best/assets
[34m[1mwandb[39m[22m: Adding directory to artifact (/home/alvaro/Documents/JupyterLab1/DeepLearningProject/wandb/run-20240107_180919-icn4y2wq/files/model-best)... Done. 0.1s
92/92 [==============================] - 24s 256ms/step - loss: 0.2150 - accuracy: 0.9211 - val_loss: 0.2435 - val_accuracy: 0.9134
Epoch 6/36




92/92 [==============================] - ETA: 0s - loss: 0.1660 - accuracy: 0.9375INFO:tensorflow:Assets written to: models/assets
INFO:tensorflow:Assets written to: models/assets
[34m[1mwandb[39m[22m: Adding directory to artifact (./models)... Done. 0.0s
1/1 [==============================] - 0s 50ms/step
INFO:tensorflow:Assets written to: /home/alvaro/Documents/JupyterLab1/DeepLearningProject/wandb/run-20240107_180919-icn4y2wq/files/model-best/assets
/home/alvaro/anaconda3/envs/tf-tfx/lib/python3.10/site-packages/keras/src/engine/training.py:3000: UserWarning: You are saving your model as an HDF5 file via `model.save()`. This file format is considered legacy. We recommend using instead the native Keras format, e.g. `model.save('my_model.keras')`.
  saving_api.save_model(
INFO:tensorflow:Assets written to: /home/alvaro/Documents/JupyterLab1/DeepLearningProject/wandb/run-20240107_180919-icn4y2wq/files/model-best/assets
[34m[1mwandb[39m[22m: Adding directory to artifact (/home/alvaro/Documents/JupyterLab1/DeepLearningProject/wandb/run-20240107_180919-icn4y2wq/files/model-best)... Done. 0.1s
92/92 [==============================] - 24s 248ms/step - loss: 0.1660 - accuracy: 0.9375 - val_loss: 0.1084 - val_accuracy: 0.9645
Epoch 7/36




92/92 [==============================] - ETA: 0s - loss: 0.1258 - accuracy: 0.9518INFO:tensorflow:Assets written to: models/assets
INFO:tensorflow:Assets written to: models/assets
[34m[1mwandb[39m[22m: Adding directory to artifact (./models)... Done. 0.0s
1/1 [==============================] - 0s 35ms/step
INFO:tensorflow:Assets written to: /home/alvaro/Documents/JupyterLab1/DeepLearningProject/wandb/run-20240107_180919-icn4y2wq/files/model-best/assets
/home/alvaro/anaconda3/envs/tf-tfx/lib/python3.10/site-packages/keras/src/engine/training.py:3000: UserWarning: You are saving your model as an HDF5 file via `model.save()`. This file format is considered legacy. We recommend using instead the native Keras format, e.g. `model.save('my_model.keras')`.
  saving_api.save_model(
INFO:tensorflow:Assets written to: /home/alvaro/Documents/JupyterLab1/DeepLearningProject/wandb/run-20240107_180919-icn4y2wq/files/model-best/assets
[34m[1mwandb[39m[22m: Adding directory to artifact (/home/alvaro/Documents/JupyterLab1/DeepLearningProject/wandb/run-20240107_180919-icn4y2wq/files/model-best)... Done. 0.0s
92/92 [==============================] - 19s 197ms/step - loss: 0.1258 - accuracy: 0.9518 - val_loss: 0.0946 - val_accuracy: 0.9645
Epoch 8/36





92/92 [==============================] - ETA: 0s - loss: 0.1105 - accuracy: 0.9583INFO:tensorflow:Assets written to: models/assets
INFO:tensorflow:Assets written to: models/assets
[34m[1mwandb[39m[22m: Adding directory to artifact (./models)... Done. 0.0s
1/1 [==============================] - 0s 57ms/step
INFO:tensorflow:Assets written to: /home/alvaro/Documents/JupyterLab1/DeepLearningProject/wandb/run-20240107_180919-icn4y2wq/files/model-best/assets
/home/alvaro/anaconda3/envs/tf-tfx/lib/python3.10/site-packages/keras/src/engine/training.py:3000: UserWarning: You are saving your model as an HDF5 file via `model.save()`. This file format is considered legacy. We recommend using instead the native Keras format, e.g. `model.save('my_model.keras')`.
  saving_api.save_model(
INFO:tensorflow:Assets written to: /home/alvaro/Documents/JupyterLab1/DeepLearningProject/wandb/run-20240107_180919-icn4y2wq/files/model-best/assets
[34m[1mwandb[39m[22m: Adding directory to artifact (/home/alvaro/Documents/JupyterLab1/DeepLearningProject/wandb/run-20240107_180919-icn4y2wq/files/model-best)... Done. 0.0s
92/92 [==============================] - 21s 216ms/step - loss: 0.1105 - accuracy: 0.9583 - val_loss: 0.0824 - val_accuracy: 0.9645
Epoch 9/36





92/92 [==============================] - ETA: 0s - loss: 0.0973 - accuracy: 0.9645INFO:tensorflow:Assets written to: models/assets
INFO:tensorflow:Assets written to: models/assets
[34m[1mwandb[39m[22m: Adding directory to artifact (./models)... Done. 0.0s
1/1 [==============================] - 0s 52ms/step
INFO:tensorflow:Assets written to: /home/alvaro/Documents/JupyterLab1/DeepLearningProject/wandb/run-20240107_180919-icn4y2wq/files/model-best/assets
/home/alvaro/anaconda3/envs/tf-tfx/lib/python3.10/site-packages/keras/src/engine/training.py:3000: UserWarning: You are saving your model as an HDF5 file via `model.save()`. This file format is considered legacy. We recommend using instead the native Keras format, e.g. `model.save('my_model.keras')`.
  saving_api.save_model(
INFO:tensorflow:Assets written to: /home/alvaro/Documents/JupyterLab1/DeepLearningProject/wandb/run-20240107_180919-icn4y2wq/files/model-best/assets
[34m[1mwandb[39m[22m: Adding directory to artifact (/home/alvaro/Documents/JupyterLab1/DeepLearningProject/wandb/run-20240107_180919-icn4y2wq/files/model-best)... Done. 0.0s
92/92 [==============================] - 20s 205ms/step - loss: 0.0973 - accuracy: 0.9645 - val_loss: 0.0650 - val_accuracy: 0.9759
Epoch 10/36





92/92 [==============================] - ETA: 0s - loss: 0.0691 - accuracy: 0.9754INFO:tensorflow:Assets written to: models/assets
INFO:tensorflow:Assets written to: models/assets
[34m[1mwandb[39m[22m: Adding directory to artifact (./models)... Done. 0.0s
1/1 [==============================] - 0s 50ms/step
INFO:tensorflow:Assets written to: /home/alvaro/Documents/JupyterLab1/DeepLearningProject/wandb/run-20240107_180919-icn4y2wq/files/model-best/assets
/home/alvaro/anaconda3/envs/tf-tfx/lib/python3.10/site-packages/keras/src/engine/training.py:3000: UserWarning: You are saving your model as an HDF5 file via `model.save()`. This file format is considered legacy. We recommend using instead the native Keras format, e.g. `model.save('my_model.keras')`.
  saving_api.save_model(
INFO:tensorflow:Assets written to: /home/alvaro/Documents/JupyterLab1/DeepLearningProject/wandb/run-20240107_180919-icn4y2wq/files/model-best/assets
[34m[1mwandb[39m[22m: Adding directory to artifact (/home/alvaro/Documents/JupyterLab1/DeepLearningProject/wandb/run-20240107_180919-icn4y2wq/files/model-best)... Done. 0.0s
92/92 [==============================] - 20s 203ms/step - loss: 0.0691 - accuracy: 0.9754 - val_loss: 0.0655 - val_accuracy: 0.9702
Epoch 11/36
58/92 [=================>............] - ETA: 4s - loss: 0.1043 - accuracy: 0.9663
75/92 [=======================>......] - ETA: 2s - loss: 0.0992 - accuracy: 0.9664
86/92 [===========================>..] - ETA: 0s - loss: 0.0997 - accuracy: 0.9664
92/92 [==============================] - ETA: 0s - loss: 0.0966 - accuracy: 0.9679
92/92 [==============================] - ETA: 0s - loss: 0.0966 - accuracy: 0.9679INFO:tensorflow:Assets written to: models/assets
92/92 [==============================] - ETA: 0s - loss: 0.0966 - accuracy: 0.9679INFO:tensorflow:Assets written to: models/assets
INFO:tensorflow:Assets written to: models/assets
Epoch 12/36==========================] - ETA: 0s - loss: 0.0966 - accuracy: 0.9679INFO:tensorflow:Assets written to: models/assets
Epoch 12/36==========================] - ETA: 0s - loss: 0.0966 - accuracy: 0.9679INFO:tensorflow:Assets written to: models/assets
Epoch 12/36==========================] - ETA: 0s - loss: 0.0966 - accuracy: 0.9679INFO:tensorflow:Assets written to: models/assets
Epoch 12/36==========================] - ETA: 0s - loss: 0.0966 - accuracy: 0.9679INFO:tensorflow:Assets written to: models/assets
Epoch 12/36==========================] - ETA: 0s - loss: 0.0966 - accuracy: 0.9679INFO:tensorflow:Assets written to: models/assets
Epoch 12/36==========================] - ETA: 0s - loss: 0.0966 - accuracy: 0.9679INFO:tensorflow:Assets written to: models/assets
Epoch 12/36==========================] - ETA: 0s - loss: 0.0966 - accuracy: 0.9679INFO:tensorflow:Assets written to: models/assets
Epoch 12/36==========================] - ETA: 0s - loss: 0.0966 - accuracy: 0.9679INFO:tensorflow:Assets written to: models/assets
INFO:tensorflow:Assets written to: models/assets
INFO:tensorflow:Assets written to: /home/alvaro/Documents/JupyterLab1/DeepLearningProject/wandb/run-20240107_180919-icn4y2wq/files/model-best/assets
INFO:tensorflow:Assets written to: /home/alvaro/Documents/JupyterLab1/DeepLearningProject/wandb/run-20240107_180919-icn4y2wq/files/model-best/assets
/home/alvaro/anaconda3/envs/tf-tfx/lib/python3.10/site-packages/keras/src/engine/training.py:3000: UserWarning: You are saving your model as an HDF5 file via `model.save()`. This file format is considered legacy. We recommend using instead the native Keras format, e.g. `model.save('my_model.keras')`.
  saving_api.save_model(
INFO:tensorflow:Assets written to: /home/alvaro/Documents/JupyterLab1/DeepLearningProject/wandb/run-20240107_180919-icn4y2wq/files/model-best/assets
34/92 [==========>...................] - ETA: 6s - loss: 0.0762 - accuracy: 0.9724  oject/wandb/run-20240107_180919-icn4y2wq/files/model-best/assets
51/92 [===============>..............] - ETA: 4s - loss: 0.0711 - accuracy: 0.9771  oject/wandb/run-20240107_180919-icn4y2wq/files/model-best/assets
64/92 [===================>..........] - ETA: 3s - loss: 0.0659 - accuracy: 0.9793  oject/wandb/run-20240107_180919-icn4y2wq/files/model-best/assets
79/92 [========================>.....] - ETA: 1s - loss: 0.0590 - accuracy: 0.9813  oject/wandb/run-20240107_180919-icn4y2wq/files/model-best/assets
92/92 [==============================] - ETA: 0s - loss: 0.0534 - accuracy: 0.9836  oject/wandb/run-20240107_180919-icn4y2wq/files/model-best/assets
92/92 [==============================] - ETA: 0s - loss: 0.0534 - accuracy: 0.9836INFO:tensorflow:Assets written to: models/assets/model-best/assets
92/92 [==============================] - ETA: 0s - loss: 0.0534 - accuracy: 0.9836INFO:tensorflow:Assets written to: models/assets/model-best/assets
INFO:tensorflow:Assets written to: models/assets
[34m[1mwandb[39m[22m: Adding directory to artifact (./models)... Done. 0.0s
92/92 [==============================] - ETA: 0s - loss: 0.0534 - accuracy: 0.9836INFO:tensorflow:Assets written to: models/assets/model-best/assets
/home/alvaro/anaconda3/envs/tf-tfx/lib/python3.10/site-packages/keras/src/engine/training.py:3000: UserWarning: You are saving your model as an HDF5 file via `model.save()`. This file format is considered legacy. We recommend using instead the native Keras format, e.g. `model.save('my_model.keras')`.
  saving_api.save_model(
INFO:tensorflow:Assets written to: /home/alvaro/Documents/JupyterLab1/DeepLearningProject/wandb/run-20240107_180919-icn4y2wq/files/model-best/assets
92/92 [==============================] - 21s 218ms/step - loss: 0.0534 - accuracy: 0.9836 - val_loss: 0.0215 - val_accuracy: 0.9943model-best/assets
92/92 [==============================] - 21s 218ms/step - loss: 0.0534 - accuracy: 0.9836 - val_loss: 0.0215 - val_accuracy: 0.9943model-best/assets
92/92 [==============================] - 21s 218ms/step - loss: 0.0534 - accuracy: 0.9836 - val_loss: 0.0215 - val_accuracy: 0.9943model-best/assets
92/92 [==============================] - 21s 218ms/step - loss: 0.0534 - accuracy: 0.9836 - val_loss: 0.0215 - val_accuracy: 0.9943model-best/assets
92/92 [==============================] - 21s 218ms/step - loss: 0.0534 - accuracy: 0.9836 - val_loss: 0.0215 - val_accuracy: 0.9943model-best/assets
92/92 [==============================] - 21s 218ms/step - loss: 0.0534 - accuracy: 0.9836 - val_loss: 0.0215 - val_accuracy: 0.9943model-best/assets
92/92 [==============================] - 21s 218ms/step - loss: 0.0534 - accuracy: 0.9836 - val_loss: 0.0215 - val_accuracy: 0.9943model-best/assets
INFO:tensorflow:Assets written to: models/assets
1/1 [==============================] - 0s 39ms/stepstep - loss: 0.0534 - accuracy: 0.9836 - val_loss: 0.0215 - val_accuracy: 0.9943model-best/assets
1/1 [==============================] - 0s 39ms/stepstep - loss: 0.0534 - accuracy: 0.9836 - val_loss: 0.0215 - val_accuracy: 0.9943model-best/assets
/home/alvaro/anaconda3/envs/tf-tfx/lib/python3.10/site-packages/keras/src/engine/training.py:3000: UserWarning: You are saving your model as an HDF5 file via `model.save()`. This file format is considered legacy. We recommend using instead the native Keras format, e.g. `model.save('my_model.keras')`.
  saving_api.save_model(
INFO:tensorflow:Assets written to: /home/alvaro/Documents/JupyterLab1/DeepLearningProject/wandb/run-20240107_180919-icn4y2wq/files/model-best/assets
Epoch 15/36========================] - 0s 39ms/stepstep - loss: 0.0534 - accuracy: 0.9836 - val_loss: 0.0215 - val_accuracy: 0.9943model-best/assets
Epoch 15/36========================] - 0s 39ms/stepstep - loss: 0.0534 - accuracy: 0.9836 - val_loss: 0.0215 - val_accuracy: 0.9943model-best/assets
Epoch 15/36========================] - 0s 39ms/stepstep - loss: 0.0534 - accuracy: 0.9836 - val_loss: 0.0215 - val_accuracy: 0.9943model-best/assets
Epoch 15/36========================] - 0s 39ms/stepstep - loss: 0.0534 - accuracy: 0.9836 - val_loss: 0.0215 - val_accuracy: 0.9943model-best/assets
Epoch 15/36========================] - 0s 39ms/stepstep - loss: 0.0534 - accuracy: 0.9836 - val_loss: 0.0215 - val_accuracy: 0.9943model-best/assets
Epoch 15/36========================] - 0s 39ms/stepstep - loss: 0.0534 - accuracy: 0.9836 - val_loss: 0.0215 - val_accuracy: 0.9943model-best/assets
Epoch 15/36========================] - 0s 39ms/stepstep - loss: 0.0534 - accuracy: 0.9836 - val_loss: 0.0215 - val_accuracy: 0.9943model-best/assets
INFO:tensorflow:Assets written to: models/assets
INFO:tensorflow:Assets written to: /home/alvaro/Documents/JupyterLab1/DeepLearningProject/wandb/run-20240107_180919-icn4y2wq/files/model-best/assets
INFO:tensorflow:Assets written to: /home/alvaro/Documents/JupyterLab1/DeepLearningProject/wandb/run-20240107_180919-icn4y2wq/files/model-best/assets
/home/alvaro/anaconda3/envs/tf-tfx/lib/python3.10/site-packages/keras/src/engine/training.py:3000: UserWarning: You are saving your model as an HDF5 file via `model.save()`. This file format is considered legacy. We recommend using instead the native Keras format, e.g. `model.save('my_model.keras')`.
  saving_api.save_model(
INFO:tensorflow:Assets written to: /home/alvaro/Documents/JupyterLab1/DeepLearningProject/wandb/run-20240107_180919-icn4y2wq/files/model-best/assets
27/92 [=======>......................] - ETA: 6s - loss: 0.1130 - accuracy: 0.9622  oject/wandb/run-20240107_180919-icn4y2wq/files/model-best/assets
42/92 [============>.................] - ETA: 5s - loss: 0.0925 - accuracy: 0.9706  oject/wandb/run-20240107_180919-icn4y2wq/files/model-best/assets
57/92 [=================>............] - ETA: 4s - loss: 0.0761 - accuracy: 0.9751  oject/wandb/run-20240107_180919-icn4y2wq/files/model-best/assets
70/92 [=====================>........] - ETA: 2s - loss: 0.0703 - accuracy: 0.9757  oject/wandb/run-20240107_180919-icn4y2wq/files/model-best/assets
85/92 [==========================>...] - ETA: 0s - loss: 0.0669 - accuracy: 0.9774  oject/wandb/run-20240107_180919-icn4y2wq/files/model-best/assets
92/92 [==============================] - ETA: 0s - loss: 0.0665 - accuracy: 0.9768  oject/wandb/run-20240107_180919-icn4y2wq/files/model-best/assets
92/92 [==============================] - ETA: 0s - loss: 0.0665 - accuracy: 0.9768INFO:tensorflow:Assets written to: models/assets/model-best/assets
92/92 [==============================] - ETA: 0s - loss: 0.0665 - accuracy: 0.9768INFO:tensorflow:Assets written to: models/assets/model-best/assets
INFO:tensorflow:Assets written to: models/assets
Epoch 17/36==========================] - ETA: 0s - loss: 0.0665 - accuracy: 0.9768INFO:tensorflow:Assets written to: models/assets/model-best/assets
Epoch 17/36==========================] - ETA: 0s - loss: 0.0665 - accuracy: 0.9768INFO:tensorflow:Assets written to: models/assets/model-best/assets
48/92 [==============>...............] - ETA: 5s - loss: 0.0404 - accuracy: 0.9868INFO:tensorflow:Assets written to: models/assets/model-best/assets
63/92 [===================>..........] - ETA: 3s - loss: 0.0364 - accuracy: 0.9880INFO:tensorflow:Assets written to: models/assets/model-best/assets
76/92 [=======================>......] - ETA: 1s - loss: 0.0358 - accuracy: 0.9876INFO:tensorflow:Assets written to: models/assets/model-best/assets
89/92 [============================>.] - ETA: 0s - loss: 0.0334 - accuracy: 0.9880INFO:tensorflow:Assets written to: models/assets/model-best/assets
92/92 [==============================] - ETA: 0s - loss: 0.0335 - accuracy: 0.9880INFO:tensorflow:Assets written to: models/assets/model-best/assets
92/92 [==============================] - ETA: 0s - loss: 0.0335 - accuracy: 0.9880INFO:tensorflow:Assets written to: models/assets/model-best/assets
92/92 [==============================] - ETA: 0s - loss: 0.0335 - accuracy: 0.9880INFO:tensorflow:Assets written to: models/assets/model-best/assets
INFO:tensorflow:Assets written to: models/assets
22/92 [======>.......................] - ETA: 7s - loss: 0.0343 - accuracy: 0.9886  FO:tensorflow:Assets written to: models/assets/model-best/assets
38/92 [===========>..................] - ETA: 5s - loss: 0.0607 - accuracy: 0.9803  FO:tensorflow:Assets written to: models/assets/model-best/assets
53/92 [================>.............] - ETA: 4s - loss: 0.0686 - accuracy: 0.9770  FO:tensorflow:Assets written to: models/assets/model-best/assets
66/92 [====================>.........] - ETA: 3s - loss: 0.0693 - accuracy: 0.9757  FO:tensorflow:Assets written to: models/assets/model-best/assets
82/92 [=========================>....] - ETA: 1s - loss: 0.0637 - accuracy: 0.9774  FO:tensorflow:Assets written to: models/assets/model-best/assets
92/92 [==============================] - ETA: 0s - loss: 0.0610 - accuracy: 0.9781  FO:tensorflow:Assets written to: models/assets/model-best/assets
92/92 [==============================] - ETA: 0s - loss: 0.0610 - accuracy: 0.9781INFO:tensorflow:Assets written to: models/assets/model-best/assets
92/92 [==============================] - ETA: 0s - loss: 0.0610 - accuracy: 0.9781INFO:tensorflow:Assets written to: models/assets/model-best/assets
INFO:tensorflow:Assets written to: models/assets
22/92 [======>.......................] - ETA: 8s - loss: 0.0280 - accuracy: 0.9901  FO:tensorflow:Assets written to: models/assets/model-best/assets
38/92 [===========>..................] - ETA: 6s - loss: 0.0395 - accuracy: 0.9858  FO:tensorflow:Assets written to: models/assets/model-best/assets
54/92 [================>.............] - ETA: 4s - loss: 0.0373 - accuracy: 0.9848  FO:tensorflow:Assets written to: models/assets/model-best/assets
70/92 [=====================>........] - ETA: 2s - loss: 0.0367 - accuracy: 0.9847  FO:tensorflow:Assets written to: models/assets/model-best/assets
85/92 [==========================>...] - ETA: 0s - loss: 0.0371 - accuracy: 0.9845  FO:tensorflow:Assets written to: models/assets/model-best/assets
92/92 [==============================] - ETA: 0s - loss: 0.0360 - accuracy: 0.9850  FO:tensorflow:Assets written to: models/assets/model-best/assets
92/92 [==============================] - ETA: 0s - loss: 0.0360 - accuracy: 0.9850INFO:tensorflow:Assets written to: models/assets/model-best/assets
92/92 [==============================] - ETA: 0s - loss: 0.0360 - accuracy: 0.9850INFO:tensorflow:Assets written to: models/assets/model-best/assets
INFO:tensorflow:Assets written to: models/assets
27/92 [=======>......................] - ETA: 7s - loss: 0.0564 - accuracy: 0.9815  FO:tensorflow:Assets written to: models/assets/model-best/assets
43/92 [=============>................] - ETA: 5s - loss: 0.0440 - accuracy: 0.9855  FO:tensorflow:Assets written to: models/assets/model-best/assets
58/92 [=================>............] - ETA: 4s - loss: 0.0414 - accuracy: 0.9855  FO:tensorflow:Assets written to: models/assets/model-best/assets
72/92 [======================>.......] - ETA: 2s - loss: 0.0368 - accuracy: 0.9861  FO:tensorflow:Assets written to: models/assets/model-best/assets
87/92 [===========================>..] - ETA: 0s - loss: 0.0340 - accuracy: 0.9866  FO:tensorflow:Assets written to: models/assets/model-best/assets
92/92 [==============================] - ETA: 0s - loss: 0.0326 - accuracy: 0.9870  FO:tensorflow:Assets written to: models/assets/model-best/assets
92/92 [==============================] - ETA: 0s - loss: 0.0326 - accuracy: 0.9870INFO:tensorflow:Assets written to: models/assets/model-best/assets
92/92 [==============================] - ETA: 0s - loss: 0.0326 - accuracy: 0.9870INFO:tensorflow:Assets written to: models/assets/model-best/assets
INFO:tensorflow:Assets written to: models/assets
25/92 [=======>......................] - ETA: 6s - loss: 0.0044 - accuracy: 1.0000  FO:tensorflow:Assets written to: models/assets/model-best/assets
41/92 [============>.................] - ETA: 5s - loss: 0.0058 - accuracy: 0.9992  FO:tensorflow:Assets written to: models/assets/model-best/assets
57/92 [=================>............] - ETA: 4s - loss: 0.0090 - accuracy: 0.9983  FO:tensorflow:Assets written to: models/assets/model-best/assets
72/92 [======================>.......] - ETA: 2s - loss: 0.0113 - accuracy: 0.9974  FO:tensorflow:Assets written to: models/assets/model-best/assets
87/92 [===========================>..] - ETA: 0s - loss: 0.0110 - accuracy: 0.9975  FO:tensorflow:Assets written to: models/assets/model-best/assets
92/92 [==============================] - ETA: 0s - loss: 0.0110 - accuracy: 0.9973  FO:tensorflow:Assets written to: models/assets/model-best/assets
92/92 [==============================] - ETA: 0s - loss: 0.0110 - accuracy: 0.9973INFO:tensorflow:Assets written to: models/assets/model-best/assets
92/92 [==============================] - ETA: 0s - loss: 0.0110 - accuracy: 0.9973INFO:tensorflow:Assets written to: models/assets/model-best/assets
INFO:tensorflow:Assets written to: models/assets
1/1 [==============================] - 0s 56ms/steploss: 0.0110 - accuracy: 0.9973INFO:tensorflow:Assets written to: models/assets/model-best/assets
1/1 [==============================] - 0s 56ms/steploss: 0.0110 - accuracy: 0.9973INFO:tensorflow:Assets written to: models/assets/model-best/assets
/home/alvaro/anaconda3/envs/tf-tfx/lib/python3.10/site-packages/keras/src/engine/training.py:3000: UserWarning: You are saving your model as an HDF5 file via `model.save()`. This file format is considered legacy. We recommend using instead the native Keras format, e.g. `model.save('my_model.keras')`.
  saving_api.save_model(
INFO:tensorflow:Assets written to: /home/alvaro/Documents/JupyterLab1/DeepLearningProject/wandb/run-20240107_180919-icn4y2wq/files/model-best/assets
92/92 [==============================] - 20s 211ms/step - loss: 0.0110 - accuracy: 0.9973 - val_loss: 0.0055 - val_accuracy: 0.9986model-best/assets
53/92 [================>.............] - ETA: 4s - loss: 0.0074 - accuracy: 0.9976 0.9973 - val_loss: 0.0055 - val_accuracy: 0.9986model-best/assets
67/92 [====================>.........] - ETA: 3s - loss: 0.0087 - accuracy: 0.9972 0.9973 - val_loss: 0.0055 - val_accuracy: 0.9986model-best/assets
78/92 [========================>.....] - ETA: 1s - loss: 0.0111 - accuracy: 0.9968 0.9973 - val_loss: 0.0055 - val_accuracy: 0.9986model-best/assets
91/92 [============================>.] - ETA: 0s - loss: 0.0112 - accuracy: 0.9969 0.9973 - val_loss: 0.0055 - val_accuracy: 0.9986model-best/assets
92/92 [==============================] - ETA: 0s - loss: 0.0111 - accuracy: 0.9969 0.9973 - val_loss: 0.0055 - val_accuracy: 0.9986model-best/assets
92/92 [==============================] - ETA: 0s - loss: 0.0111 - accuracy: 0.9969INFO:tensorflow:Assets written to: models/assets6model-best/assets
92/92 [==============================] - ETA: 0s - loss: 0.0111 - accuracy: 0.9969INFO:tensorflow:Assets written to: models/assets6model-best/assets
INFO:tensorflow:Assets written to: models/assets
 1/92 [..............................] - ETA: 1:34 - loss: 0.0068 - accuracy: 1.0000FO:tensorflow:Assets written to: models/assets6model-best/assets
26/92 [=======>......................] - ETA: 7s - loss: 0.0218 - accuracy: 0.9904  FO:tensorflow:Assets written to: models/assets6model-best/assets
47/92 [==============>...............] - ETA: 4s - loss: 0.0254 - accuracy: 0.9894  FO:tensorflow:Assets written to: models/assets6model-best/assets
64/92 [===================>..........] - ETA: 3s - loss: 0.0337 - accuracy: 0.9877  FO:tensorflow:Assets written to: models/assets6model-best/assets
77/92 [========================>.....] - ETA: 1s - loss: 0.0525 - accuracy: 0.9832  FO:tensorflow:Assets written to: models/assets6model-best/assets
89/92 [============================>.] - ETA: 0s - loss: 0.0543 - accuracy: 0.9838  FO:tensorflow:Assets written to: models/assets6model-best/assets
92/92 [==============================] - ETA: 0s - loss: 0.0531 - accuracy: 0.9843  FO:tensorflow:Assets written to: models/assets6model-best/assets
92/92 [==============================] - ETA: 0s - loss: 0.0531 - accuracy: 0.9843INFO:tensorflow:Assets written to: models/assets6model-best/assets
92/92 [==============================] - ETA: 0s - loss: 0.0531 - accuracy: 0.9843INFO:tensorflow:Assets written to: models/assets6model-best/assets
INFO:tensorflow:Assets written to: models/assets
10/92 [==>...........................] - ETA: 7s - loss: 0.0524 - accuracy: 0.9844  FO:tensorflow:Assets written to: models/assets6model-best/assets
29/92 [========>.....................] - ETA: 6s - loss: 0.0332 - accuracy: 0.9903  FO:tensorflow:Assets written to: models/assets6model-best/assets
46/92 [==============>...............] - ETA: 5s - loss: 0.0251 - accuracy: 0.9925  FO:tensorflow:Assets written to: models/assets6model-best/assets
60/92 [==================>...........] - ETA: 3s - loss: 0.0211 - accuracy: 0.9943  FO:tensorflow:Assets written to: models/assets6model-best/assets
72/92 [======================>.......] - ETA: 2s - loss: 0.0183 - accuracy: 0.9952  FO:tensorflow:Assets written to: models/assets6model-best/assets
89/92 [============================>.] - ETA: 0s - loss: 0.0159 - accuracy: 0.9961  FO:tensorflow:Assets written to: models/assets6model-best/assets
92/92 [==============================] - ETA: 0s - loss: 0.0157 - accuracy: 0.9959  FO:tensorflow:Assets written to: models/assets6model-best/assets
92/92 [==============================] - ETA: 0s - loss: 0.0157 - accuracy: 0.9959INFO:tensorflow:Assets written to: models/assets6model-best/assets
92/92 [==============================] - ETA: 0s - loss: 0.0157 - accuracy: 0.9959INFO:tensorflow:Assets written to: models/assets6model-best/assets
INFO:tensorflow:Assets written to: models/assets
10/92 [==>...........................] - ETA: 7s - loss: 0.0116 - accuracy: 0.9969  FO:tensorflow:Assets written to: models/assets6model-best/assets
26/92 [=======>......................] - ETA: 7s - loss: 0.0224 - accuracy: 0.9928  FO:tensorflow:Assets written to: models/assets6model-best/assets
40/92 [============>.................] - ETA: 6s - loss: 0.0286 - accuracy: 0.9898  FO:tensorflow:Assets written to: models/assets6model-best/assets
57/92 [=================>............] - ETA: 4s - loss: 0.0408 - accuracy: 0.9867  FO:tensorflow:Assets written to: models/assets6model-best/assets
71/92 [======================>.......] - ETA: 2s - loss: 0.0353 - accuracy: 0.9885  FO:tensorflow:Assets written to: models/assets6model-best/assets
87/92 [===========================>..] - ETA: 0s - loss: 0.0317 - accuracy: 0.9888  FO:tensorflow:Assets written to: models/assets6model-best/assets
92/92 [==============================] - ETA: 0s - loss: 0.0302 - accuracy: 0.9894  FO:tensorflow:Assets written to: models/assets6model-best/assets
92/92 [==============================] - ETA: 0s - loss: 0.0302 - accuracy: 0.9894INFO:tensorflow:Assets written to: models/assets6model-best/assets
92/92 [==============================] - ETA: 0s - loss: 0.0302 - accuracy: 0.9894INFO:tensorflow:Assets written to: models/assets6model-best/assets
INFO:tensorflow:Assets written to: models/assets
31/92 [=========>....................] - ETA: 7s - loss: 0.0297 - accuracy: 0.9867  FO:tensorflow:Assets written to: models/assets6model-best/assets
46/92 [==============>...............] - ETA: 5s - loss: 0.0249 - accuracy: 0.9904  FO:tensorflow:Assets written to: models/assets6model-best/assets
59/92 [==================>...........] - ETA: 4s - loss: 0.0220 - accuracy: 0.9914  FO:tensorflow:Assets written to: models/assets6model-best/assets
73/92 [======================>.......] - ETA: 2s - loss: 0.0185 - accuracy: 0.9927  FO:tensorflow:Assets written to: models/assets6model-best/assets
88/92 [===========================>..] - ETA: 0s - loss: 0.0163 - accuracy: 0.9936  FO:tensorflow:Assets written to: models/assets6model-best/assets
92/92 [==============================] - ETA: 0s - loss: 0.0156 - accuracy: 0.9939  FO:tensorflow:Assets written to: models/assets6model-best/assets
92/92 [==============================] - ETA: 0s - loss: 0.0156 - accuracy: 0.9939INFO:tensorflow:Assets written to: models/assets6model-best/assets
92/92 [==============================] - ETA: 0s - loss: 0.0156 - accuracy: 0.9939INFO:tensorflow:Assets written to: models/assets6model-best/assets
INFO:tensorflow:Assets written to: models/assets
1/1 [==============================] - 0s 62ms/steploss: 0.0156 - accuracy: 0.9939INFO:tensorflow:Assets written to: models/assets6model-best/assets
92/92 [==============================] - 20s 210ms/step - loss: 0.0156 - accuracy: 0.9939 - val_loss: 0.0027 - val_accuracy: 1.0000model-best/assets
46/92 [==============>...............] - ETA: 5s - loss: 0.0088 - accuracy: 0.9980 0.9939 - val_loss: 0.0027 - val_accuracy: 1.0000model-best/assets
60/92 [==================>...........] - ETA: 3s - loss: 0.0075 - accuracy: 0.9984 0.9939 - val_loss: 0.0027 - val_accuracy: 1.0000model-best/assets
73/92 [======================>.......] - ETA: 2s - loss: 0.0065 - accuracy: 0.9987 0.9939 - val_loss: 0.0027 - val_accuracy: 1.0000model-best/assets
85/92 [==========================>...] - ETA: 0s - loss: 0.0085 - accuracy: 0.9978 0.9939 - val_loss: 0.0027 - val_accuracy: 1.0000model-best/assets
92/92 [==============================] - ETA: 0s - loss: 0.0085 - accuracy: 0.9980 0.9939 - val_loss: 0.0027 - val_accuracy: 1.0000model-best/assets
92/92 [==============================] - ETA: 0s - loss: 0.0085 - accuracy: 0.9980INFO:tensorflow:Assets written to: models/assets0model-best/assets
92/92 [==============================] - ETA: 0s - loss: 0.0085 - accuracy: 0.9980INFO:tensorflow:Assets written to: models/assets0model-best/assets
INFO:tensorflow:Assets written to: models/assets
1/1 [==============================] - 0s 32ms/steploss: 0.0085 - accuracy: 0.9980INFO:tensorflow:Assets written to: models/assets0model-best/assets
1/1 [==============================] - 0s 32ms/steploss: 0.0085 - accuracy: 0.9980INFO:tensorflow:Assets written to: models/assets0model-best/assets
/home/alvaro/anaconda3/envs/tf-tfx/lib/python3.10/site-packages/keras/src/engine/training.py:3000: UserWarning: You are saving your model as an HDF5 file via `model.save()`. This file format is considered legacy. We recommend using instead the native Keras format, e.g. `model.save('my_model.keras')`.
  saving_api.save_model(
INFO:tensorflow:Assets written to: /home/alvaro/Documents/JupyterLab1/DeepLearningProject/wandb/run-20240107_180919-icn4y2wq/files/model-best/assets
92/92 [==============================] - 22s 225ms/step - loss: 0.0085 - accuracy: 0.9980 - val_loss: 0.0366 - val_accuracy: 0.9886model-best/assets
47/92 [==============>...............] - ETA: 4s - loss: 0.0348 - accuracy: 0.9894 0.9980 - val_loss: 0.0366 - val_accuracy: 0.9886model-best/assets
65/92 [====================>.........] - ETA: 2s - loss: 0.0328 - accuracy: 0.9898 0.9980 - val_loss: 0.0366 - val_accuracy: 0.9886model-best/assets
79/92 [========================>.....] - ETA: 1s - loss: 0.0308 - accuracy: 0.9904 0.9980 - val_loss: 0.0366 - val_accuracy: 0.9886model-best/assets
92/92 [==============================] - ETA: 0s - loss: 0.0309 - accuracy: 0.9904 0.9980 - val_loss: 0.0366 - val_accuracy: 0.9886model-best/assets
92/92 [==============================] - ETA: 0s - loss: 0.0309 - accuracy: 0.9904INFO:tensorflow:Assets written to: models/assets6model-best/assets
92/92 [==============================] - ETA: 0s - loss: 0.0309 - accuracy: 0.9904INFO:tensorflow:Assets written to: models/assets6model-best/assets
INFO:tensorflow:Assets written to: models/assets
15/92 [===>..........................] - ETA: 8s - loss: 0.0492 - accuracy: 0.9854  FO:tensorflow:Assets written to: models/assets6model-best/assets
28/92 [========>.....................] - ETA: 8s - loss: 0.0406 - accuracy: 0.9852  FO:tensorflow:Assets written to: models/assets6model-best/assets
45/92 [=============>................] - ETA: 6s - loss: 0.0302 - accuracy: 0.9895  FO:tensorflow:Assets written to: models/assets6model-best/assets
61/92 [==================>...........] - ETA: 3s - loss: 0.0292 - accuracy: 0.9902  FO:tensorflow:Assets written to: models/assets6model-best/assets
78/92 [========================>.....] - ETA: 1s - loss: 0.0333 - accuracy: 0.9883  FO:tensorflow:Assets written to: models/assets6model-best/assets
90/92 [============================>.] - ETA: 0s - loss: 0.0307 - accuracy: 0.9895  FO:tensorflow:Assets written to: models/assets6model-best/assets
92/92 [==============================] - ETA: 0s - loss: 0.0305 - accuracy: 0.9894  FO:tensorflow:Assets written to: models/assets6model-best/assets
92/92 [==============================] - ETA: 0s - loss: 0.0305 - accuracy: 0.9894INFO:tensorflow:Assets written to: models/assets6model-best/assets
92/92 [==============================] - ETA: 0s - loss: 0.0305 - accuracy: 0.9894INFO:tensorflow:Assets written to: models/assets6model-best/assets
INFO:tensorflow:Assets written to: models/assets
21/92 [=====>........................] - ETA: 7s - loss: 0.0399 - accuracy: 0.9851  FO:tensorflow:Assets written to: models/assets6model-best/assets
37/92 [===========>..................] - ETA: 6s - loss: 0.0339 - accuracy: 0.9873  FO:tensorflow:Assets written to: models/assets6model-best/assets
53/92 [================>.............] - ETA: 4s - loss: 0.0275 - accuracy: 0.9894  FO:tensorflow:Assets written to: models/assets6model-best/assets
69/92 [=====================>........] - ETA: 2s - loss: 0.0228 - accuracy: 0.9913  FO:tensorflow:Assets written to: models/assets6model-best/assets
83/92 [==========================>...] - ETA: 1s - loss: 0.0196 - accuracy: 0.9928  FO:tensorflow:Assets written to: models/assets6model-best/assets
92/92 [==============================] - ETA: 0s - loss: 0.0180 - accuracy: 0.9935  FO:tensorflow:Assets written to: models/assets6model-best/assets
92/92 [==============================] - ETA: 0s - loss: 0.0180 - accuracy: 0.9935INFO:tensorflow:Assets written to: models/assets6model-best/assets
92/92 [==============================] - ETA: 0s - loss: 0.0180 - accuracy: 0.9935INFO:tensorflow:Assets written to: models/assets6model-best/assets
INFO:tensorflow:Assets written to: models/assets
21/92 [=====>........................] - ETA: 8s - loss: 0.0064 - accuracy: 0.9985      ensorflow:Assets written to: models/assets6model-best/assets
34/92 [==========>...................] - ETA: 7s - loss: 0.0100 - accuracy: 0.9982      ensorflow:Assets written to: models/assets6model-best/assets
49/92 [==============>...............] - ETA: 5s - loss: 0.0081 - accuracy: 0.9987      ensorflow:Assets written to: models/assets6model-best/assets
65/92 [====================>.........] - ETA: 3s - loss: 0.0080 - accuracy: 0.9981      ensorflow:Assets written to: models/assets6model-best/assets
79/92 [========================>.....] - ETA: 1s - loss: 0.0109 - accuracy: 0.9972      ensorflow:Assets written to: models/assets6model-best/assets
90/92 [============================>.] - ETA: 0s - loss: 0.0127 - accuracy: 0.9969      ensorflow:Assets written to: models/assets6model-best/assets
92/92 [==============================] - ETA: 0s - loss: 0.0128 - accuracy: 0.9966      ensorflow:Assets written to: models/assets6model-best/assets
92/92 [==============================] - ETA: 0s - loss: 0.0128 - accuracy: 0.9966INFO:tensorflow:Assets written to: models/assets6model-best/assets
92/92 [==============================] - ETA: 0s - loss: 0.0128 - accuracy: 0.9966INFO:tensorflow:Assets written to: models/assets6model-best/assets
INFO:tensorflow:Assets written to: models/assets
10/92 [==>...........................] - ETA: 6s - loss: 0.0343 - accuracy: 0.9875  FO:tensorflow:Assets written to: models/assets6model-best/assets
29/92 [========>.....................] - ETA: 6s - loss: 0.0138 - accuracy: 0.9956  FO:tensorflow:Assets written to: models/assets6model-best/assets
46/92 [==============>...............] - ETA: 4s - loss: 0.0098 - accuracy: 0.9973  FO:tensorflow:Assets written to: models/assets6model-best/assets
63/92 [===================>..........] - ETA: 3s - loss: 0.0085 - accuracy: 0.9975  FO:tensorflow:Assets written to: models/assets6model-best/assets
77/92 [========================>.....] - ETA: 1s - loss: 0.0141 - accuracy: 0.9963  FO:tensorflow:Assets written to: models/assets6model-best/assets
91/92 [============================>.] - ETA: 0s - loss: 0.0146 - accuracy: 0.9959  FO:tensorflow:Assets written to: models/assets6model-best/assets
92/92 [==============================] - ETA: 0s - loss: 0.0145 - accuracy: 0.9959  FO:tensorflow:Assets written to: models/assets6model-best/assets
92/92 [==============================] - ETA: 0s - loss: 0.0145 - accuracy: 0.9959INFO:tensorflow:Assets written to: models/assets6model-best/assets
92/92 [==============================] - ETA: 0s - loss: 0.0145 - accuracy: 0.9959INFO:tensorflow:Assets written to: models/assets6model-best/assets
INFO:tensorflow:Assets written to: models/assets
16/92 [====>.........................] - ETA: 8s - loss: 0.0088 - accuracy: 0.9961  FO:tensorflow:Assets written to: models/assets6model-best/assets
32/92 [=========>....................] - ETA: 7s - loss: 0.0074 - accuracy: 0.9970  FO:tensorflow:Assets written to: models/assets6model-best/assets
49/92 [==============>...............] - ETA: 5s - loss: 0.0064 - accuracy: 0.9974  FO:tensorflow:Assets written to: models/assets6model-best/assets
63/92 [===================>..........] - ETA: 3s - loss: 0.0058 - accuracy: 0.9980  FO:tensorflow:Assets written to: models/assets6model-best/assets
77/92 [========================>.....] - ETA: 1s - loss: 0.0065 - accuracy: 0.9975  FO:tensorflow:Assets written to: models/assets6model-best/assets
91/92 [============================>.] - ETA: 0s - loss: 0.0059 - accuracy: 0.9979  FO:tensorflow:Assets written to: models/assets6model-best/assets
92/92 [==============================] - ETA: 0s - loss: 0.0058 - accuracy: 0.9980  FO:tensorflow:Assets written to: models/assets6model-best/assets
92/92 [==============================] - ETA: 0s - loss: 0.0058 - accuracy: 0.9980INFO:tensorflow:Assets written to: models/assets6model-best/assets
92/92 [==============================] - ETA: 0s - loss: 0.0058 - accuracy: 0.9980INFO:tensorflow:Assets written to: models/assets6model-best/assets
INFO:tensorflow:Assets written to: models/assets
1/1 [==============================] - 0s 38ms/steploss: 0.0058 - accuracy: 0.9980INFO:tensorflow:Assets written to: models/assets6model-best/assets
31/92 [=========>....................] - ETA: 6s - loss: 0.0037 - accuracy: 0.9990      ensorflow:Assets written to: models/assets6model-best/assets
45/92 [=============>................] - ETA: 5s - loss: 0.0056 - accuracy: 0.9986      ensorflow:Assets written to: models/assets6model-best/assets
60/92 [==================>...........] - ETA: 3s - loss: 0.0070 - accuracy: 0.9984      ensorflow:Assets written to: models/assets6model-best/assets
73/92 [======================>.......] - ETA: 2s - loss: 0.0064 - accuracy: 0.9987      ensorflow:Assets written to: models/assets6model-best/assets
88/92 [===========================>..] - ETA: 0s - loss: 0.0058 - accuracy: 0.9989      ensorflow:Assets written to: models/assets6model-best/assets
92/92 [==============================] - ETA: 0s - loss: 0.0059 - accuracy: 0.9986      ensorflow:Assets written to: models/assets6model-best/assets
92/92 [==============================] - ETA: 0s - loss: 0.0059 - accuracy: 0.9986INFO:tensorflow:Assets written to: models/assets6model-best/assets
92/92 [==============================] - ETA: 0s - loss: 0.0059 - accuracy: 0.9986INFO:tensorflow:Assets written to: models/assets6model-best/assets
INFO:tensorflow:Assets written to: models/assets
1/1 [==============================] - 0s 38ms/steploss: 0.0059 - accuracy: 0.9986INFO:tensorflow:Assets written to: models/assets6model-best/assets
1/1 [==============================] - 0s 38ms/steploss: 0.0059 - accuracy: 0.9986INFO:tensorflow:Assets written to: models/assets6model-best/assets
/home/alvaro/anaconda3/envs/tf-tfx/lib/python3.10/site-packages/keras/src/engine/training.py:3000: UserWarning: You are saving your model as an HDF5 file via `model.save()`. This file format is considered legacy. We recommend using instead the native Keras format, e.g. `model.save('my_model.keras')`.
  saving_api.save_model(
INFO:tensorflow:Assets written to: /home/alvaro/Documents/JupyterLab1/DeepLearningProject/wandb/run-20240107_180919-icn4y2wq/files/model-best/assets
92/92 [==============================] - 21s 220ms/step - loss: 0.0059 - accuracy: 0.9986 - val_loss: 0.0023 - val_accuracy: 0.9986model-best/assets
53/92 [================>.............] - ETA: 4s - loss: 0.0017 - accuracy: 0.9994 0.9986 - val_loss: 0.0023 - val_accuracy: 0.9986model-best/assets
67/92 [====================>.........] - ETA: 2s - loss: 0.0016 - accuracy: 0.9995 0.9986 - val_loss: 0.0023 - val_accuracy: 0.9986model-best/assets
83/92 [==========================>...] - ETA: 1s - loss: 0.0014 - accuracy: 0.9996 0.9986 - val_loss: 0.0023 - val_accuracy: 0.9986model-best/assets
92/92 [==============================] - ETA: 0s - loss: 0.0013 - accuracy: 0.9997 0.9986 - val_loss: 0.0023 - val_accuracy: 0.9986model-best/assets
92/92 [==============================] - ETA: 0s - loss: 0.0013 - accuracy: 0.9997 0.9986 - val_loss: 0.0023 - val_accuracy: 0.9986model-best/assets
INFO:tensorflow:Assets written to: models/assets
92/92 [==============================] - ETA: 0s - loss: 0.0013 - accuracy: 0.9997INFO:tensorflow:Assets written to: models/assets6model-best/assets
92/92 [==============================] - ETA: 0s - loss: 0.0013 - accuracy: 0.9997INFO:tensorflow:Assets written to: models/assets6model-best/assets
/home/alvaro/anaconda3/envs/tf-tfx/lib/python3.10/site-packages/keras/src/engine/training.py:3000: UserWarning: You are saving your model as an HDF5 file via `model.save()`. This file format is considered legacy. We recommend using instead the native Keras format, e.g. `model.save('my_model.keras')`.
  saving_api.save_model(
INFO:tensorflow:Assets written to: /home/alvaro/Documents/JupyterLab1/DeepLearningProject/wandb/run-20240107_180919-icn4y2wq/files/model-best/assets
1/1 [==============================] - 0s 35ms/steploss: 0.0013 - accuracy: 0.9997INFO:tensorflow:Assets written to: models/assets6model-best/assets
92/92 [==============================] - 21s 220ms/step - loss: 0.0013 - accuracy: 0.9997 - val_loss: 0.0012 - val_accuracy: 1.0000model-best/assets
56/92 [=================>............] - ETA: 4s - loss: 6.9280e-04 - accuracy: 1.0000997 - val_loss: 0.0012 - val_accuracy: 1.0000model-best/assets
71/92 [======================>.......] - ETA: 2s - loss: 5.9255e-04 - accuracy: 1.0000997 - val_loss: 0.0012 - val_accuracy: 1.0000model-best/assets
84/92 [==========================>...] - ETA: 1s - loss: 6.1021e-04 - accuracy: 1.0000997 - val_loss: 0.0012 - val_accuracy: 1.0000model-best/assets
92/92 [==============================] - ETA: 0s - loss: 6.4579e-04 - accuracy: 1.0000997 - val_loss: 0.0012 - val_accuracy: 1.0000model-best/assets
92/92 [==============================] - ETA: 0s - loss: 6.4579e-04 - accuracy: 1.0000997 - val_loss: 0.0012 - val_accuracy: 1.0000model-best/assets
INFO:tensorflow:Assets written to: models/assets
92/92 [==============================] - ETA: 0s - loss: 6.4579e-04 - accuracy: 1.0000INFO:tensorflow:Assets written to: models/assetsel-best/assets
92/92 [==============================] - ETA: 0s - loss: 6.4579e-04 - accuracy: 1.0000INFO:tensorflow:Assets written to: models/assetsel-best/assets
/home/alvaro/anaconda3/envs/tf-tfx/lib/python3.10/site-packages/keras/src/engine/training.py:3000: UserWarning: You are saving your model as an HDF5 file via `model.save()`. This file format is considered legacy. We recommend using instead the native Keras format, e.g. `model.save('my_model.keras')`.
  saving_api.save_model(
INFO:tensorflow:Assets written to: /home/alvaro/Documents/JupyterLab1/DeepLearningProject/wandb/run-20240107_180919-icn4y2wq/files/model-best/assets
1/1 [==============================] - 0s 39ms/steploss: 6.4579e-04 - accuracy: 1.0000INFO:tensorflow:Assets written to: models/assetsel-best/assets
92/92 [==============================] - 22s 225ms/step - loss: 6.4579e-04 - accuracy: 1.0000 - val_loss: 0.0012 - val_accuracy: 1.0000l-best/assets
 1/13 [=>............................] - ETA: 4s - loss: 1.4461e-04 - accuracy: 1.0000 1.0000 - val_loss: 0.0012 - val_accuracy: 1.0000l-best/assets
 8/13 [=================>............] - ETA: 1s - loss: 8.8467e-04 - accuracy: 1.0000 1.0000 - val_loss: 0.0012 - val_accuracy: 1.0000l-best/assets
13/13 [==============================] - 4s 317ms/step - loss: 6.1680e-04 - accuracy: 1.00000 - val_loss: 0.0012 - val_accuracy: 1.0000l-best/assets
Predicted Label:  healthy============] - 4s 317ms/step - loss: 6.1680e-04 - accuracy: 1.00000 - val_loss: 0.0012 - val_accuracy: 1.0000l-best/assets
1/1 [==============================] - 0s 16ms/steptep - loss: 6.1680e-04 - accuracy: 1.00000 - val_loss: 0.0012 - val_accuracy: 1.0000l-best/assets
1/1 [==============================] - 0s 16ms/steptep - loss: 6.1680e-04 - accuracy: 1.00000 - val_loss: 0.0012 - val_accuracy: 1.0000l-best/assets
1/1 [==============================] - 0s 16ms/steptep - loss: 6.1680e-04 - accuracy: 1.00000 - val_loss: 0.0012 - val_accuracy: 1.0000l-best/assets